<?xml version="1.0" encoding="UTF-8"?>
<testsuite xmlns:xsi="http://www.w3.org/2001/XMLSchema-instance" xsi:noNamespaceSchemaLocation="https://maven.apache.org/surefire/maven-surefire-plugin/xsd/surefire-test-report-3.0.xsd" version="3.0" name="TestSuite" time="2.592" tests="2" errors="0" skipped="0" failures="0">
  <properties>
    <property name="sun.desktop" value="windows"/>
    <property name="awt.toolkit" value="sun.awt.windows.WToolkit"/>
    <property name="file.encoding.pkg" value="sun.io"/>
    <property name="java.specification.version" value="1.8"/>
    <property name="sun.cpu.isalist" value="amd64"/>
    <property name="sun.jnu.encoding" value="Cp1252"/>
    <property name="java.class.path" value="E:\My Automation\EclipseProjects\RahulAroraUdemy3\CucumberTestNG\target\test-classes;E:\My Automation\EclipseProjects\RahulAroraUdemy3\CucumberTestNG\target\classes;E:\My Automation\MavenDownload_Jars\info\cukes\cucumber-java\1.2.5\cucumber-java-1.2.5.jar;E:\My Automation\MavenDownload_Jars\info\cukes\cucumber-core\1.2.5\cucumber-core-1.2.5.jar;E:\My Automation\MavenDownload_Jars\info\cukes\cucumber-html\0.2.3\cucumber-html-0.2.3.jar;E:\My Automation\MavenDownload_Jars\info\cukes\gherkin\2.12.2\gherkin-2.12.2.jar;E:\My Automation\MavenDownload_Jars\info\cukes\cucumber-jvm-deps\1.0.5\cucumber-jvm-deps-1.0.5.jar;E:\My Automation\MavenDownload_Jars\info\cukes\cucumber-testng\1.2.5\cucumber-testng-1.2.5.jar;E:\My Automation\MavenDownload_Jars\org\testng\testng\6.9.8\testng-6.9.8.jar;E:\My Automation\MavenDownload_Jars\org\beanshell\bsh\2.0b4\bsh-2.0b4.jar;E:\My Automation\MavenDownload_Jars\com\beust\jcommander\1.48\jcommander-1.48.jar;E:\My Automation\MavenDownload_Jars\net\masterthought\cucumber-reporting\3.8.0\cucumber-reporting-3.8.0.jar;E:\My Automation\MavenDownload_Jars\org\apache\logging\log4j\log4j-api\2.6\log4j-api-2.6.jar;E:\My Automation\MavenDownload_Jars\org\apache\logging\log4j\log4j-core\2.6\log4j-core-2.6.jar;E:\My Automation\MavenDownload_Jars\com\fasterxml\jackson\core\jackson-databind\2.8.5\jackson-databind-2.8.5.jar;E:\My Automation\MavenDownload_Jars\com\fasterxml\jackson\core\jackson-annotations\2.8.0\jackson-annotations-2.8.0.jar;E:\My Automation\MavenDownload_Jars\com\fasterxml\jackson\core\jackson-core\2.8.5\jackson-core-2.8.5.jar;E:\My Automation\MavenDownload_Jars\org\apache\velocity\velocity\1.7\velocity-1.7.jar;E:\My Automation\MavenDownload_Jars\commons-collections\commons-collections\3.2.1\commons-collections-3.2.1.jar;E:\My Automation\MavenDownload_Jars\commons-lang\commons-lang\2.4\commons-lang-2.4.jar;E:\My Automation\MavenDownload_Jars\velocity-tools\velocity-tools\1.4\velocity-tools-1.4.jar;E:\My Automation\MavenDownload_Jars\joda-time\joda-time\2.9.6\joda-time-2.9.6.jar;E:\My Automation\MavenDownload_Jars\org\apache\commons\commons-lang3\3.5\commons-lang3-3.5.jar;E:\My Automation\MavenDownload_Jars\commons-io\commons-io\2.5\commons-io-2.5.jar;E:\My Automation\MavenDownload_Jars\net\lingala\zip4j\zip4j\1.3.2\zip4j-1.3.2.jar;E:\My Automation\MavenDownload_Jars\org\codehaus\plexus\plexus-utils\3.0.24\plexus-utils-3.0.24.jar;E:\My Automation\MavenDownload_Jars\org\jsoup\jsoup\1.10.1\jsoup-1.10.1.jar;E:\My Automation\MavenDownload_Jars\com\googlecode\owasp-java-html-sanitizer\owasp-java-html-sanitizer\20160924.1\owasp-java-html-sanitizer-20160924.1.jar;E:\My Automation\MavenDownload_Jars\com\google\guava\guava\20.0\guava-20.0.jar;"/>
    <property name="java.vm.vendor" value="Oracle Corporation"/>
    <property name="sun.arch.data.model" value="64"/>
    <property name="user.variant" value=""/>
    <property name="java.vendor.url" value="http://java.oracle.com/"/>
    <property name="user.timezone" value="Asia/Calcutta"/>
    <property name="java.vm.specification.version" value="1.8"/>
    <property name="os.name" value="Windows 8.1"/>
    <property name="user.country" value="GB"/>
    <property name="sun.java.launcher" value="SUN_STANDARD"/>
    <property name="sun.boot.library.path" value="C:\Program Files\Java\jdk1.8.0_191\jre\bin"/>
    <property name="sun.java.command" value="C:\Users\Santosh\AppData\Local\Temp\surefire1925062941383778830\surefirebooter3936200115241084525.jar C:\Users\Santosh\AppData\Local\Temp\surefire1925062941383778830 2019-09-10T01-25-41_029-jvmRun1 surefire5279183347943810196tmp surefire_0514709041517378746tmp"/>
    <property name="surefire.test.class.path" value="E:\My Automation\EclipseProjects\RahulAroraUdemy3\CucumberTestNG\target\test-classes;E:\My Automation\EclipseProjects\RahulAroraUdemy3\CucumberTestNG\target\classes;E:\My Automation\MavenDownload_Jars\info\cukes\cucumber-java\1.2.5\cucumber-java-1.2.5.jar;E:\My Automation\MavenDownload_Jars\info\cukes\cucumber-core\1.2.5\cucumber-core-1.2.5.jar;E:\My Automation\MavenDownload_Jars\info\cukes\cucumber-html\0.2.3\cucumber-html-0.2.3.jar;E:\My Automation\MavenDownload_Jars\info\cukes\gherkin\2.12.2\gherkin-2.12.2.jar;E:\My Automation\MavenDownload_Jars\info\cukes\cucumber-jvm-deps\1.0.5\cucumber-jvm-deps-1.0.5.jar;E:\My Automation\MavenDownload_Jars\info\cukes\cucumber-testng\1.2.5\cucumber-testng-1.2.5.jar;E:\My Automation\MavenDownload_Jars\org\testng\testng\6.9.8\testng-6.9.8.jar;E:\My Automation\MavenDownload_Jars\org\beanshell\bsh\2.0b4\bsh-2.0b4.jar;E:\My Automation\MavenDownload_Jars\com\beust\jcommander\1.48\jcommander-1.48.jar;E:\My Automation\MavenDownload_Jars\net\masterthought\cucumber-reporting\3.8.0\cucumber-reporting-3.8.0.jar;E:\My Automation\MavenDownload_Jars\org\apache\logging\log4j\log4j-api\2.6\log4j-api-2.6.jar;E:\My Automation\MavenDownload_Jars\org\apache\logging\log4j\log4j-core\2.6\log4j-core-2.6.jar;E:\My Automation\MavenDownload_Jars\com\fasterxml\jackson\core\jackson-databind\2.8.5\jackson-databind-2.8.5.jar;E:\My Automation\MavenDownload_Jars\com\fasterxml\jackson\core\jackson-annotations\2.8.0\jackson-annotations-2.8.0.jar;E:\My Automation\MavenDownload_Jars\com\fasterxml\jackson\core\jackson-core\2.8.5\jackson-core-2.8.5.jar;E:\My Automation\MavenDownload_Jars\org\apache\velocity\velocity\1.7\velocity-1.7.jar;E:\My Automation\MavenDownload_Jars\commons-collections\commons-collections\3.2.1\commons-collections-3.2.1.jar;E:\My Automation\MavenDownload_Jars\commons-lang\commons-lang\2.4\commons-lang-2.4.jar;E:\My Automation\MavenDownload_Jars\velocity-tools\velocity-tools\1.4\velocity-tools-1.4.jar;E:\My Automation\MavenDownload_Jars\joda-time\joda-time\2.9.6\joda-time-2.9.6.jar;E:\My Automation\MavenDownload_Jars\org\apache\commons\commons-lang3\3.5\commons-lang3-3.5.jar;E:\My Automation\MavenDownload_Jars\commons-io\commons-io\2.5\commons-io-2.5.jar;E:\My Automation\MavenDownload_Jars\net\lingala\zip4j\zip4j\1.3.2\zip4j-1.3.2.jar;E:\My Automation\MavenDownload_Jars\org\codehaus\plexus\plexus-utils\3.0.24\plexus-utils-3.0.24.jar;E:\My Automation\MavenDownload_Jars\org\jsoup\jsoup\1.10.1\jsoup-1.10.1.jar;E:\My Automation\MavenDownload_Jars\com\googlecode\owasp-java-html-sanitizer\owasp-java-html-sanitizer\20160924.1\owasp-java-html-sanitizer-20160924.1.jar;E:\My Automation\MavenDownload_Jars\com\google\guava\guava\20.0\guava-20.0.jar;"/>
    <property name="sun.cpu.endian" value="little"/>
    <property name="user.home" value="C:\Users\Santosh"/>
    <property name="user.language" value="en"/>
    <property name="java.specification.vendor" value="Oracle Corporation"/>
    <property name="java.home" value="C:\Program Files\Java\jdk1.8.0_191\jre"/>
    <property name="basedir" value="E:\My Automation\EclipseProjects\RahulAroraUdemy3\CucumberTestNG"/>
    <property name="file.separator" value="\"/>
    <property name="line.separator" value="&#10;"/>
    <property name="java.vm.specification.vendor" value="Oracle Corporation"/>
    <property name="java.specification.name" value="Java Platform API Specification"/>
    <property name="java.awt.graphicsenv" value="sun.awt.Win32GraphicsEnvironment"/>
    <property name="surefire.real.class.path" value="C:\Users\Santosh\AppData\Local\Temp\surefire1925062941383778830\surefirebooter3936200115241084525.jar"/>
    <property name="sun.boot.class.path" value="C:\Program Files\Java\jdk1.8.0_191\jre\lib\resources.jar;C:\Program Files\Java\jdk1.8.0_191\jre\lib\rt.jar;C:\Program Files\Java\jdk1.8.0_191\jre\lib\sunrsasign.jar;C:\Program Files\Java\jdk1.8.0_191\jre\lib\jsse.jar;C:\Program Files\Java\jdk1.8.0_191\jre\lib\jce.jar;C:\Program Files\Java\jdk1.8.0_191\jre\lib\charsets.jar;C:\Program Files\Java\jdk1.8.0_191\jre\lib\jfr.jar;C:\Program Files\Java\jdk1.8.0_191\jre\classes;C:\Program Files (x86)\HP\Unified Functional Testing\bin\java_shared\classes\jasmine.jar"/>
    <property name="user.script" value=""/>
    <property name="sun.management.compiler" value="HotSpot 64-Bit Tiered Compilers"/>
    <property name="java.runtime.version" value="1.8.0_191-b12"/>
    <property name="user.name" value="Santosh"/>
    <property name="path.separator" value=";"/>
    <property name="os.version" value="6.3"/>
    <property name="java.endorsed.dirs" value="C:\Program Files\Java\jdk1.8.0_191\jre\lib\endorsed"/>
    <property name="java.runtime.name" value="Java(TM) SE Runtime Environment"/>
    <property name="file.encoding" value="Cp1252"/>
    <property name="java.vm.name" value="Java HotSpot(TM) 64-Bit Server VM"/>
    <property name="localRepository" value="E:\My Automation\MavenDownload_Jars"/>
    <property name="java.vendor.url.bug" value="http://bugreport.sun.com/bugreport/"/>
    <property name="java.io.tmpdir" value="C:\Users\Santosh\AppData\Local\Temp\"/>
    <property name="java.version" value="1.8.0_191"/>
    <property name="user.dir" value="E:\My Automation\EclipseProjects\RahulAroraUdemy3\CucumberTestNG"/>
    <property name="os.arch" value="amd64"/>
    <property name="java.vm.specification.name" value="Java Virtual Machine Specification"/>
    <property name="java.awt.printerjob" value="sun.awt.windows.WPrinterJob"/>
    <property name="sun.os.patch.level" value=""/>
    <property name="java.library.path" value="C:\Program Files\Java\jdk1.8.0_191\jre\bin;C:\WINDOWS\Sun\Java\bin;C:\WINDOWS\system32;C:\WINDOWS;C:\Program Files (x86)\Common Files\Oracle\Java\javapath;C:\WINDOWS\system32;C:\WINDOWS;C:\WINDOWS\System32\Wbem;C:\WINDOWS\System32\WindowsPowerShell\v1.0\;C:\Program Files\Microsoft\Web Platform Installer\;C:\Program Files (x86)\Microsoft ASP.NET\ASP.NET Web Pages\v1.0\;C:\Program Files (x86)\Windows Kits\8.0\Windows Performance Toolkit\;C:\Program Files\Microsoft SQL Server\110\Tools\Binn\;C:\Program Files\Git\cmd;C:\Program Files\Java\jdk1.8.0_191\bin;C:\Program Files\nodejs\;C:\Users\Santosh\AppData\Local\Android\Sdk\tools\bin;C:\Users\Santosh\AppData\Local\Android\Sdk;C:\Users\Santosh\AppData\Local\Android\Sdk\tools\;C:\Users\Santosh\AppData\Local\Android\Sdk\platform-tools;C:\Users\Santosh\AppData\Local\Android\Sdk\build-tools;C:\Program Files (x86)\HP\Unified Functional Testing\bin;C:\Program Files\dotnet\;C:\Users\Santosh\AppData\Local\Android\Sdk\tools\bin;C:\Users\Santosh\AppData\Local\Android\Sdk\tools;C:\Users\Santosh\AppData\Local\Android\Sdk\platform-tools;E:\My Automation\Selenium_Interview_Preperation\apache-maven-3.6.1\bin;C:\Program Files\TortoiseSVN\bin;C:\Program Files\SlikSvn\bin;C:\Program Files\MySQL\MySQL Shell 8.0\bin\;."/>
    <property name="java.vm.info" value="mixed mode"/>
    <property name="java.vendor" value="Oracle Corporation"/>
    <property name="java.vm.version" value="25.191-b12"/>
    <property name="java.ext.dirs" value="C:\Program Files\Java\jdk1.8.0_191\jre\lib\ext;C:\WINDOWS\Sun\Java\lib\ext"/>
    <property name="sun.io.unicode.encoding" value="UnicodeLittle"/>
    <property name="java.class.version" value="52.0"/>
  </properties>
  <testcase name="feature" classname="TestRunner" time="0.765"/>
  <testcase name="feature" classname="TestRunner" time="0.438"/>
</testsuite>